<?xml version="1.0" encoding="UTF-8"?>
<testsuite xmlns:xsi="http://www.w3.org/2001/XMLSchema-instance" xsi:noNamespaceSchemaLocation="https://maven.apache.org/surefire/maven-surefire-plugin/xsd/surefire-test-report.xsd" name="ut.bh.plex.webwork.GLDialogTest" time="0.045" tests="1" errors="0" skipped="0" failures="0">
  <properties>
    <property name="gopherProxySet" value="false"/>
    <property name="awt.toolkit" value="sun.lwawt.macosx.LWCToolkit"/>
    <property name="java.specification.version" value="11"/>
    <property name="sun.cpu.isalist" value=""/>
    <property name="sun.jnu.encoding" value="UTF-8"/>
    <property name="java.class.path" value="/Users/obyeonghwa/dev/JPL/gldialog/target/test-classes:/Users/obyeonghwa/dev/JPL/gldialog/target/classes:/Users/obyeonghwa/.m2/repository/com/atlassian/jira/jira-api/9.1.0/jira-api-9.1.0.jar:/Users/obyeonghwa/.m2/repository/com/atlassian/annotations/atlassian-annotations/4.0.0/atlassian-annotations-4.0.0.jar:/Users/obyeonghwa/.m2/repository/com/google/code/findbugs/jsr305/3.0.2/jsr305-3.0.2.jar:/Users/obyeonghwa/.m2/repository/org/checkerframework/checker-qual/2.8.1/checker-qual-2.8.1.jar:/Users/obyeonghwa/.m2/repository/com/atlassian/ofbiz/entityengine-share/1.5.2/entityengine-share-1.5.2.jar:/Users/obyeonghwa/.m2/repository/xerces/xercesImpl/2.12.0/xercesImpl-2.12.0.jar:/Users/obyeonghwa/.m2/repository/xml-apis/xml-apis/1.4.01/xml-apis-1.4.01.jar:/Users/obyeonghwa/.m2/repository/com/atlassian/ofbiz/entityengine/1.5.2/entityengine-1.5.2.jar:/Users/obyeonghwa/.m2/repository/jta/jta/1.0.1/jta-1.0.1.jar:/Users/obyeonghwa/.m2/repository/com/atlassian/collectors/atlassian-collectors-util/1.1/atlassian-collectors-util-1.1.jar:/Users/obyeonghwa/.m2/repository/opensymphony/webwork/1.4-atlassian-30/webwork-1.4-atlassian-30.jar:/Users/obyeonghwa/.m2/repository/com/atlassian/html/atlassian-html-encoder/1.4/atlassian-html-encoder-1.4.jar:/Users/obyeonghwa/.m2/repository/webwork/pell-multipart-request/1.31.0/pell-multipart-request-1.31.0.jar:/Users/obyeonghwa/.m2/repository/com/atlassian/core/atlassian-core/8.0.0/atlassian-core-8.0.0.jar:/Users/obyeonghwa/.m2/repository/commons-collections/commons-collections/3.2.2/commons-collections-3.2.2.jar:/Users/obyeonghwa/.m2/repository/com/atlassian/image/atlassian-image-consumer/1.0.1/atlassian-image-consumer-1.0.1.jar:/Users/obyeonghwa/.m2/repository/com/atlassian/core/atlassian-core-user/8.0.0/atlassian-core-user-8.0.0.jar:/Users/obyeonghwa/.m2/repository/com/atlassian/core/atlassian-core-thumbnail/8.0.0/atlassian-core-thumbnail-8.0.0.jar:/Users/obyeonghwa/.m2/repository/com/atlassian/extras/atlassian-extras/3.4.6/atlassian-extras-3.4.6.jar:/Users/obyeonghwa/.m2/repository/com/atlassian/extras/atlassian-extras-key-manager/3.4.6/atlassian-extras-key-manager-3.4.6.jar:/Users/obyeonghwa/.m2/repository/com/atlassian/extras/atlassian-extras-common/3.4.6/atlassian-extras-common-3.4.6.jar:/Users/obyeonghwa/.m2/repository/com/atlassian/extras/atlassian-extras-api/3.4.6/atlassian-extras-api-3.4.6.jar:/Users/obyeonghwa/.m2/repository/com/atlassian/velocity/atlassian-velocity/1.3/atlassian-velocity-1.3.jar:/Users/obyeonghwa/.m2/repository/commons-lang/commons-lang/2.6/commons-lang-2.6.jar:/Users/obyeonghwa/.m2/repository/opensymphony/oscore/2.2.7/oscore-2.2.7.jar:/Users/obyeonghwa/.m2/repository/org/apache/velocity/velocity/1.6.4/velocity-1.6.4.jar:/Users/obyeonghwa/.m2/repository/osworkflow/osworkflow/2.9.0-atlassian-1/osworkflow-2.9.0-atlassian-1.jar:/Users/obyeonghwa/.m2/repository/opensymphony/propertyset/1.5/propertyset-1.5.jar:/Users/obyeonghwa/.m2/repository/com/atlassian/cache/atlassian-cache-api/6.0.1/atlassian-cache-api-6.0.1.jar:/Users/obyeonghwa/.m2/repository/com/atlassian/instrumentation/atlassian-instrumentation-core/3.0.0/atlassian-instrumentation-core-3.0.0.jar:/Users/obyeonghwa/.m2/repository/io/atlassian/util/concurrent/atlassian-util-concurrent/4.0.1/atlassian-util-concurrent-4.0.1.jar:/Users/obyeonghwa/.m2/repository/com/atlassian/beehive/beehive-api/5.0.1/beehive-api-5.0.1.jar:/Users/obyeonghwa/.m2/repository/com/atlassian/tenancy/atlassian-tenancy-api/4.0.0/atlassian-tenancy-api-4.0.0.jar:/Users/obyeonghwa/.m2/repository/com/atlassian/event/atlassian-event/4.0.0/atlassian-event-4.0.0.jar:/Users/obyeonghwa/.m2/repository/com/atlassian/upgrade/upgrade-task-framework-api/2.0.2/upgrade-task-framework-api-2.0.2.jar:/Users/obyeonghwa/.m2/repository/com/atlassian/crowd/embedded-crowd-api/5.0.0-m02/embedded-crowd-api-5.0.0-m02.jar:/Users/obyeonghwa/.m2/repository/com/google/guava/guava/31.0.1-jre/guava-31.0.1-jre.jar:/Users/obyeonghwa/.m2/repository/com/google/guava/failureaccess/1.0.1/failureaccess-1.0.1.jar:/Users/obyeonghwa/.m2/repository/com/google/guava/listenablefuture/9999.0-empty-to-avoid-conflict-with-guava/listenablefuture-9999.0-empty-to-avoid-conflict-with-guava.jar:/Users/obyeonghwa/.m2/repository/com/google/errorprone/error_prone_annotations/2.7.1/error_prone_annotations-2.7.1.jar:/Users/obyeonghwa/.m2/repository/com/google/j2objc/j2objc-annotations/1.3/j2objc-annotations-1.3.jar:/Users/obyeonghwa/.m2/repository/com/atlassian/fugue/fugue/2.7.0/fugue-2.7.0.jar:/Users/obyeonghwa/.m2/repository/io/atlassian/fugue/fugue/5.0.0/fugue-5.0.0.jar:/Users/obyeonghwa/.m2/repository/org/codehaus/jackson/jackson-core-asl/1.9.13-atlassian-6/jackson-core-asl-1.9.13-atlassian-6.jar:/Users/obyeonghwa/.m2/repository/org/codehaus/jackson/jackson-mapper-asl/1.9.13-atlassian-6/jackson-mapper-asl-1.9.13-atlassian-6.jar:/Users/obyeonghwa/.m2/repository/com/sun/mail/jakarta.mail/1.6.5-atlassian-2/jakarta.mail-1.6.5-atlassian-2.jar:/Users/obyeonghwa/.m2/repository/com/sun/activation/jakarta.activation/1.2.1/jakarta.activation-1.2.1.jar:/Users/obyeonghwa/.m2/repository/com/atlassian/mail/atlassian-mail/5.1.2/atlassian-mail-5.1.2.jar:/Users/obyeonghwa/.m2/repository/commons-beanutils/commons-beanutils/1.9.4/commons-beanutils-1.9.4.jar:/Users/obyeonghwa/.m2/repository/commons-digester/commons-digester/1.8.1/commons-digester-1.8.1.jar:/Users/obyeonghwa/.m2/repository/oro/oro/2.0.7/oro-2.0.7.jar:/Users/obyeonghwa/.m2/repository/com/atlassian/applinks/applinks-api/9.0.5/applinks-api-9.0.5.jar:/Users/obyeonghwa/.m2/repository/com/google/javascript/closure-compiler-unshaded/v20181008/closure-compiler-unshaded-v20181008.jar:/Users/obyeonghwa/.m2/repository/com/google/javascript/closure-compiler-externs/v20181008/closure-compiler-externs-v20181008.jar:/Users/obyeonghwa/.m2/repository/args4j/args4j/2.0.26/args4j-2.0.26.jar:/Users/obyeonghwa/.m2/repository/com/google/jsinterop/jsinterop-annotations/1.0.0/jsinterop-annotations-1.0.0.jar:/Users/obyeonghwa/.m2/repository/com/google/protobuf/protobuf-java/3.4.0/protobuf-java-3.4.0.jar:/Users/obyeonghwa/.m2/repository/com/atlassian/velocity/htmlsafe/velocity-htmlsafe/4.0.0/velocity-htmlsafe-4.0.0.jar:/Users/obyeonghwa/.m2/repository/com/atlassian/plugins/atlassian-plugins-api/7.0.4/atlassian-plugins-api-7.0.4.jar:/Users/obyeonghwa/.m2/repository/com/atlassian/plugins/atlassian-plugins-webfragment/6.0.0/atlassian-plugins-webfragment-6.0.0.jar:/Users/obyeonghwa/.m2/repository/com/atlassian/plugins/atlassian-plugins-webfragment-api/6.0.0/atlassian-plugins-webfragment-api-6.0.0.jar:/Users/obyeonghwa/.m2/repository/com/atlassian/ozymandias/atlassian-plugin-point-safety/1.0.0/atlassian-plugin-point-safety-1.0.0.jar:/Users/obyeonghwa/.m2/repository/jfree/jfreechart/1.0.13/jfreechart-1.0.13.jar:/Users/obyeonghwa/.m2/repository/com/atlassian/plugins/atlassian-plugins-webresource/6.0.3/atlassian-plugins-webresource-6.0.3.jar:/Users/obyeonghwa/.m2/repository/com/atlassian/plugins/atlassian-plugins-webresource-api/6.0.3/atlassian-plugins-webresource-api-6.0.3.jar:/Users/obyeonghwa/.m2/repository/com/atlassian/plugins/atlassian-plugins-webresource-spi/6.0.3/atlassian-plugins-webresource-spi-6.0.3.jar:/Users/obyeonghwa/.m2/repository/com/atlassian/sourcemap/sourcemap/2.0.0/sourcemap-2.0.0.jar:/Users/obyeonghwa/.m2/repository/org/jgrapht/jgrapht-core/1.4.0/jgrapht-core-1.4.0.jar:/Users/obyeonghwa/.m2/repository/org/jheaps/jheaps/0.11/jheaps-0.11.jar:/Users/obyeonghwa/.m2/repository/org/jgrapht/jgrapht-io/1.4.0/jgrapht-io-1.4.0.jar:/Users/obyeonghwa/.m2/repository/org/antlr/antlr4-runtime/4.7.2/antlr4-runtime-4.7.2.jar:/Users/obyeonghwa/.m2/repository/org/apache/commons/commons-text/1.6/commons-text-1.6.jar:/Users/obyeonghwa/.m2/repository/org/tuckey/urlrewritefilter/4.0.4/urlrewritefilter-4.0.4.jar:/Users/obyeonghwa/.m2/repository/com/atlassian/plugins/atlassian-plugins-webresource-compiler-gcc/6.0.3/atlassian-plugins-webresource-compiler-gcc-6.0.3.jar:/Users/obyeonghwa/.m2/repository/jfree/jcommon/1.0.8/jcommon-1.0.8.jar:/Users/obyeonghwa/.m2/repository/com/atlassian/sal/sal-api/5.0.0/sal-api-5.0.0.jar:/Users/obyeonghwa/.m2/repository/com/atlassian/gadgets/atlassian-gadgets-api/8.0.4/atlassian-gadgets-api-8.0.4.jar:/Users/obyeonghwa/.m2/repository/com/atlassian/johnson/atlassian-johnson-core/4.0.0/atlassian-johnson-core-4.0.0.jar:/Users/obyeonghwa/.m2/repository/com/atlassian/plugins/atlassian-plugins-servlet/5.0.0/atlassian-plugins-servlet-5.0.0.jar:/Users/obyeonghwa/.m2/repository/joda-time/joda-time/2.10.5/joda-time-2.10.5.jar:/Users/obyeonghwa/.m2/repository/org/apache/commons/commons-lang3/3.9/commons-lang3-3.9.jar:/Users/obyeonghwa/.m2/repository/commons-io/commons-io/2.8.0/commons-io-2.8.0.jar:/Users/obyeonghwa/.m2/repository/commons-httpclient/commons-httpclient/3.1-atlassian-2/commons-httpclient-3.1-atlassian-2.jar:/Users/obyeonghwa/.m2/repository/log4j/log4j/1.2.17-atlassian-16/log4j-1.2.17-atlassian-16.jar:/Users/obyeonghwa/.m2/repository/com/atlassian/profiling/atlassian-profiling/4.8.0/atlassian-profiling-4.8.0.jar:/Users/obyeonghwa/.m2/repository/com/atlassian/scheduler/atlassian-scheduler-api/4.0.0/atlassian-scheduler-api-4.0.0.jar:/Users/obyeonghwa/.m2/repository/com/atlassian/analytics/analytics-api/8.0.1/analytics-api-8.0.1.jar:/Users/obyeonghwa/.m2/repository/com/atlassian/application/atlassian-application-api/2.0.0/atlassian-application-api-2.0.0.jar:/Users/obyeonghwa/.m2/repository/javax/validation/validation-api/2.0.1.Final/validation-api-2.0.1.Final.jar:/Users/obyeonghwa/.m2/repository/com/atlassian/lucene-extras/7.3.1-atlassian-4/lucene-extras-7.3.1-atlassian-4.jar:/Users/obyeonghwa/.m2/repository/org/dom4j/dom4j/2.1.3/dom4j-2.1.3.jar:/Users/obyeonghwa/.m2/repository/junit/junit/4.10/junit-4.10.jar:/Users/obyeonghwa/.m2/repository/org/hamcrest/hamcrest-core/1.1/hamcrest-core-1.1.jar:/Users/obyeonghwa/.m2/repository/com/atlassian/plugin/atlassian-spring-scanner-annotation/2.1.7/atlassian-spring-scanner-annotation-2.1.7.jar:/Users/obyeonghwa/.m2/repository/javax/inject/javax.inject/1/javax.inject-1.jar:/Users/obyeonghwa/.m2/repository/com/atlassian/plugins/atlassian-plugins-osgi-testrunner/2.0.2/atlassian-plugins-osgi-testrunner-2.0.2.jar:/Users/obyeonghwa/.m2/repository/org/apache/wink/wink-client/1.1.3-incubating/wink-client-1.1.3-incubating.jar:/Users/obyeonghwa/.m2/repository/org/apache/wink/wink-common/1.1.3-incubating/wink-common-1.1.3-incubating.jar:/Users/obyeonghwa/.m2/repository/org/apache/geronimo/specs/geronimo-annotation_1.1_spec/1.0/geronimo-annotation_1.1_spec-1.0.jar:/Users/obyeonghwa/.m2/repository/javax/xml/bind/jaxb-api/2.2/jaxb-api-2.2.jar:/Users/obyeonghwa/.m2/repository/javax/xml/stream/stax-api/1.0-2/stax-api-1.0-2.jar:/Users/obyeonghwa/.m2/repository/com/sun/xml/bind/jaxb-impl/2.2.1.1/jaxb-impl-2.2.1.1.jar:/Users/obyeonghwa/.m2/repository/javax/activation/activation/1.1/activation-1.1.jar:/Users/obyeonghwa/.m2/repository/com/atlassian/upm/upm-api/2.15/upm-api-2.15.jar:/Users/obyeonghwa/.m2/repository/javax/ws/rs/jsr311-api/1.1.1/jsr311-api-1.1.1.jar:/Users/obyeonghwa/.m2/repository/com/google/code/gson/gson/2.2.2-atlassian-1/gson-2.2.2-atlassian-1.jar:/Users/obyeonghwa/.m2/repository/org/apache/httpcomponents/httpclient/4.1.1/httpclient-4.1.1.jar:/Users/obyeonghwa/.m2/repository/org/apache/httpcomponents/httpcore/4.1/httpcore-4.1.jar:/Users/obyeonghwa/.m2/repository/commons-logging/commons-logging/1.1.1/commons-logging-1.1.1.jar:/Users/obyeonghwa/.m2/repository/commons-codec/commons-codec/1.4/commons-codec-1.4.jar:/Users/obyeonghwa/.m2/repository/org/slf4j/slf4j-api/1.6.6/slf4j-api-1.6.6.jar:/Users/obyeonghwa/.m2/repository/org/mockito/mockito-all/1.8.5/mockito-all-1.8.5.jar:"/>
    <property name="java.vm.vendor" value="AdoptOpenJDK"/>
    <property name="sun.arch.data.model" value="64"/>
    <property name="java.vendor.url" value="https://adoptopenjdk.net/"/>
    <property name="user.timezone" value=""/>
    <property name="java.vm.specification.version" value="11"/>
    <property name="os.name" value="Mac OS X"/>
    <property name="sun.java.launcher" value="SUN_STANDARD"/>
    <property name="user.country" value="KR"/>
    <property name="sun.boot.library.path" value="/Library/Java/JavaVirtualMachines/adoptopenjdk-11.jdk/Contents/Home/lib"/>
    <property name="sun.java.command" value="/Users/obyeonghwa/dev/JPL/gldialog/target/surefire/surefirebooter18057684745844339469.jar /Users/obyeonghwa/dev/JPL/gldialog/target/surefire 2023-01-04T14-30-32_171-jvmRun1 surefire14097028796399926846tmp surefire_011285444022282776300tmp"/>
    <property name="http.nonProxyHosts" value="local|*.local|169.254/16|*.169.254/16"/>
    <property name="jdk.debug" value="release"/>
    <property name="surefire.test.class.path" value="/Users/obyeonghwa/dev/JPL/gldialog/target/test-classes:/Users/obyeonghwa/dev/JPL/gldialog/target/classes:/Users/obyeonghwa/.m2/repository/com/atlassian/jira/jira-api/9.1.0/jira-api-9.1.0.jar:/Users/obyeonghwa/.m2/repository/com/atlassian/annotations/atlassian-annotations/4.0.0/atlassian-annotations-4.0.0.jar:/Users/obyeonghwa/.m2/repository/com/google/code/findbugs/jsr305/3.0.2/jsr305-3.0.2.jar:/Users/obyeonghwa/.m2/repository/org/checkerframework/checker-qual/2.8.1/checker-qual-2.8.1.jar:/Users/obyeonghwa/.m2/repository/com/atlassian/ofbiz/entityengine-share/1.5.2/entityengine-share-1.5.2.jar:/Users/obyeonghwa/.m2/repository/xerces/xercesImpl/2.12.0/xercesImpl-2.12.0.jar:/Users/obyeonghwa/.m2/repository/xml-apis/xml-apis/1.4.01/xml-apis-1.4.01.jar:/Users/obyeonghwa/.m2/repository/com/atlassian/ofbiz/entityengine/1.5.2/entityengine-1.5.2.jar:/Users/obyeonghwa/.m2/repository/jta/jta/1.0.1/jta-1.0.1.jar:/Users/obyeonghwa/.m2/repository/com/atlassian/collectors/atlassian-collectors-util/1.1/atlassian-collectors-util-1.1.jar:/Users/obyeonghwa/.m2/repository/opensymphony/webwork/1.4-atlassian-30/webwork-1.4-atlassian-30.jar:/Users/obyeonghwa/.m2/repository/com/atlassian/html/atlassian-html-encoder/1.4/atlassian-html-encoder-1.4.jar:/Users/obyeonghwa/.m2/repository/webwork/pell-multipart-request/1.31.0/pell-multipart-request-1.31.0.jar:/Users/obyeonghwa/.m2/repository/com/atlassian/core/atlassian-core/8.0.0/atlassian-core-8.0.0.jar:/Users/obyeonghwa/.m2/repository/commons-collections/commons-collections/3.2.2/commons-collections-3.2.2.jar:/Users/obyeonghwa/.m2/repository/com/atlassian/image/atlassian-image-consumer/1.0.1/atlassian-image-consumer-1.0.1.jar:/Users/obyeonghwa/.m2/repository/com/atlassian/core/atlassian-core-user/8.0.0/atlassian-core-user-8.0.0.jar:/Users/obyeonghwa/.m2/repository/com/atlassian/core/atlassian-core-thumbnail/8.0.0/atlassian-core-thumbnail-8.0.0.jar:/Users/obyeonghwa/.m2/repository/com/atlassian/extras/atlassian-extras/3.4.6/atlassian-extras-3.4.6.jar:/Users/obyeonghwa/.m2/repository/com/atlassian/extras/atlassian-extras-key-manager/3.4.6/atlassian-extras-key-manager-3.4.6.jar:/Users/obyeonghwa/.m2/repository/com/atlassian/extras/atlassian-extras-common/3.4.6/atlassian-extras-common-3.4.6.jar:/Users/obyeonghwa/.m2/repository/com/atlassian/extras/atlassian-extras-api/3.4.6/atlassian-extras-api-3.4.6.jar:/Users/obyeonghwa/.m2/repository/com/atlassian/velocity/atlassian-velocity/1.3/atlassian-velocity-1.3.jar:/Users/obyeonghwa/.m2/repository/commons-lang/commons-lang/2.6/commons-lang-2.6.jar:/Users/obyeonghwa/.m2/repository/opensymphony/oscore/2.2.7/oscore-2.2.7.jar:/Users/obyeonghwa/.m2/repository/org/apache/velocity/velocity/1.6.4/velocity-1.6.4.jar:/Users/obyeonghwa/.m2/repository/osworkflow/osworkflow/2.9.0-atlassian-1/osworkflow-2.9.0-atlassian-1.jar:/Users/obyeonghwa/.m2/repository/opensymphony/propertyset/1.5/propertyset-1.5.jar:/Users/obyeonghwa/.m2/repository/com/atlassian/cache/atlassian-cache-api/6.0.1/atlassian-cache-api-6.0.1.jar:/Users/obyeonghwa/.m2/repository/com/atlassian/instrumentation/atlassian-instrumentation-core/3.0.0/atlassian-instrumentation-core-3.0.0.jar:/Users/obyeonghwa/.m2/repository/io/atlassian/util/concurrent/atlassian-util-concurrent/4.0.1/atlassian-util-concurrent-4.0.1.jar:/Users/obyeonghwa/.m2/repository/com/atlassian/beehive/beehive-api/5.0.1/beehive-api-5.0.1.jar:/Users/obyeonghwa/.m2/repository/com/atlassian/tenancy/atlassian-tenancy-api/4.0.0/atlassian-tenancy-api-4.0.0.jar:/Users/obyeonghwa/.m2/repository/com/atlassian/event/atlassian-event/4.0.0/atlassian-event-4.0.0.jar:/Users/obyeonghwa/.m2/repository/com/atlassian/upgrade/upgrade-task-framework-api/2.0.2/upgrade-task-framework-api-2.0.2.jar:/Users/obyeonghwa/.m2/repository/com/atlassian/crowd/embedded-crowd-api/5.0.0-m02/embedded-crowd-api-5.0.0-m02.jar:/Users/obyeonghwa/.m2/repository/com/google/guava/guava/31.0.1-jre/guava-31.0.1-jre.jar:/Users/obyeonghwa/.m2/repository/com/google/guava/failureaccess/1.0.1/failureaccess-1.0.1.jar:/Users/obyeonghwa/.m2/repository/com/google/guava/listenablefuture/9999.0-empty-to-avoid-conflict-with-guava/listenablefuture-9999.0-empty-to-avoid-conflict-with-guava.jar:/Users/obyeonghwa/.m2/repository/com/google/errorprone/error_prone_annotations/2.7.1/error_prone_annotations-2.7.1.jar:/Users/obyeonghwa/.m2/repository/com/google/j2objc/j2objc-annotations/1.3/j2objc-annotations-1.3.jar:/Users/obyeonghwa/.m2/repository/com/atlassian/fugue/fugue/2.7.0/fugue-2.7.0.jar:/Users/obyeonghwa/.m2/repository/io/atlassian/fugue/fugue/5.0.0/fugue-5.0.0.jar:/Users/obyeonghwa/.m2/repository/org/codehaus/jackson/jackson-core-asl/1.9.13-atlassian-6/jackson-core-asl-1.9.13-atlassian-6.jar:/Users/obyeonghwa/.m2/repository/org/codehaus/jackson/jackson-mapper-asl/1.9.13-atlassian-6/jackson-mapper-asl-1.9.13-atlassian-6.jar:/Users/obyeonghwa/.m2/repository/com/sun/mail/jakarta.mail/1.6.5-atlassian-2/jakarta.mail-1.6.5-atlassian-2.jar:/Users/obyeonghwa/.m2/repository/com/sun/activation/jakarta.activation/1.2.1/jakarta.activation-1.2.1.jar:/Users/obyeonghwa/.m2/repository/com/atlassian/mail/atlassian-mail/5.1.2/atlassian-mail-5.1.2.jar:/Users/obyeonghwa/.m2/repository/commons-beanutils/commons-beanutils/1.9.4/commons-beanutils-1.9.4.jar:/Users/obyeonghwa/.m2/repository/commons-digester/commons-digester/1.8.1/commons-digester-1.8.1.jar:/Users/obyeonghwa/.m2/repository/oro/oro/2.0.7/oro-2.0.7.jar:/Users/obyeonghwa/.m2/repository/com/atlassian/applinks/applinks-api/9.0.5/applinks-api-9.0.5.jar:/Users/obyeonghwa/.m2/repository/com/google/javascript/closure-compiler-unshaded/v20181008/closure-compiler-unshaded-v20181008.jar:/Users/obyeonghwa/.m2/repository/com/google/javascript/closure-compiler-externs/v20181008/closure-compiler-externs-v20181008.jar:/Users/obyeonghwa/.m2/repository/args4j/args4j/2.0.26/args4j-2.0.26.jar:/Users/obyeonghwa/.m2/repository/com/google/jsinterop/jsinterop-annotations/1.0.0/jsinterop-annotations-1.0.0.jar:/Users/obyeonghwa/.m2/repository/com/google/protobuf/protobuf-java/3.4.0/protobuf-java-3.4.0.jar:/Users/obyeonghwa/.m2/repository/com/atlassian/velocity/htmlsafe/velocity-htmlsafe/4.0.0/velocity-htmlsafe-4.0.0.jar:/Users/obyeonghwa/.m2/repository/com/atlassian/plugins/atlassian-plugins-api/7.0.4/atlassian-plugins-api-7.0.4.jar:/Users/obyeonghwa/.m2/repository/com/atlassian/plugins/atlassian-plugins-webfragment/6.0.0/atlassian-plugins-webfragment-6.0.0.jar:/Users/obyeonghwa/.m2/repository/com/atlassian/plugins/atlassian-plugins-webfragment-api/6.0.0/atlassian-plugins-webfragment-api-6.0.0.jar:/Users/obyeonghwa/.m2/repository/com/atlassian/ozymandias/atlassian-plugin-point-safety/1.0.0/atlassian-plugin-point-safety-1.0.0.jar:/Users/obyeonghwa/.m2/repository/jfree/jfreechart/1.0.13/jfreechart-1.0.13.jar:/Users/obyeonghwa/.m2/repository/com/atlassian/plugins/atlassian-plugins-webresource/6.0.3/atlassian-plugins-webresource-6.0.3.jar:/Users/obyeonghwa/.m2/repository/com/atlassian/plugins/atlassian-plugins-webresource-api/6.0.3/atlassian-plugins-webresource-api-6.0.3.jar:/Users/obyeonghwa/.m2/repository/com/atlassian/plugins/atlassian-plugins-webresource-spi/6.0.3/atlassian-plugins-webresource-spi-6.0.3.jar:/Users/obyeonghwa/.m2/repository/com/atlassian/sourcemap/sourcemap/2.0.0/sourcemap-2.0.0.jar:/Users/obyeonghwa/.m2/repository/org/jgrapht/jgrapht-core/1.4.0/jgrapht-core-1.4.0.jar:/Users/obyeonghwa/.m2/repository/org/jheaps/jheaps/0.11/jheaps-0.11.jar:/Users/obyeonghwa/.m2/repository/org/jgrapht/jgrapht-io/1.4.0/jgrapht-io-1.4.0.jar:/Users/obyeonghwa/.m2/repository/org/antlr/antlr4-runtime/4.7.2/antlr4-runtime-4.7.2.jar:/Users/obyeonghwa/.m2/repository/org/apache/commons/commons-text/1.6/commons-text-1.6.jar:/Users/obyeonghwa/.m2/repository/org/tuckey/urlrewritefilter/4.0.4/urlrewritefilter-4.0.4.jar:/Users/obyeonghwa/.m2/repository/com/atlassian/plugins/atlassian-plugins-webresource-compiler-gcc/6.0.3/atlassian-plugins-webresource-compiler-gcc-6.0.3.jar:/Users/obyeonghwa/.m2/repository/jfree/jcommon/1.0.8/jcommon-1.0.8.jar:/Users/obyeonghwa/.m2/repository/com/atlassian/sal/sal-api/5.0.0/sal-api-5.0.0.jar:/Users/obyeonghwa/.m2/repository/com/atlassian/gadgets/atlassian-gadgets-api/8.0.4/atlassian-gadgets-api-8.0.4.jar:/Users/obyeonghwa/.m2/repository/com/atlassian/johnson/atlassian-johnson-core/4.0.0/atlassian-johnson-core-4.0.0.jar:/Users/obyeonghwa/.m2/repository/com/atlassian/plugins/atlassian-plugins-servlet/5.0.0/atlassian-plugins-servlet-5.0.0.jar:/Users/obyeonghwa/.m2/repository/joda-time/joda-time/2.10.5/joda-time-2.10.5.jar:/Users/obyeonghwa/.m2/repository/org/apache/commons/commons-lang3/3.9/commons-lang3-3.9.jar:/Users/obyeonghwa/.m2/repository/commons-io/commons-io/2.8.0/commons-io-2.8.0.jar:/Users/obyeonghwa/.m2/repository/commons-httpclient/commons-httpclient/3.1-atlassian-2/commons-httpclient-3.1-atlassian-2.jar:/Users/obyeonghwa/.m2/repository/log4j/log4j/1.2.17-atlassian-16/log4j-1.2.17-atlassian-16.jar:/Users/obyeonghwa/.m2/repository/com/atlassian/profiling/atlassian-profiling/4.8.0/atlassian-profiling-4.8.0.jar:/Users/obyeonghwa/.m2/repository/com/atlassian/scheduler/atlassian-scheduler-api/4.0.0/atlassian-scheduler-api-4.0.0.jar:/Users/obyeonghwa/.m2/repository/com/atlassian/analytics/analytics-api/8.0.1/analytics-api-8.0.1.jar:/Users/obyeonghwa/.m2/repository/com/atlassian/application/atlassian-application-api/2.0.0/atlassian-application-api-2.0.0.jar:/Users/obyeonghwa/.m2/repository/javax/validation/validation-api/2.0.1.Final/validation-api-2.0.1.Final.jar:/Users/obyeonghwa/.m2/repository/com/atlassian/lucene-extras/7.3.1-atlassian-4/lucene-extras-7.3.1-atlassian-4.jar:/Users/obyeonghwa/.m2/repository/org/dom4j/dom4j/2.1.3/dom4j-2.1.3.jar:/Users/obyeonghwa/.m2/repository/junit/junit/4.10/junit-4.10.jar:/Users/obyeonghwa/.m2/repository/org/hamcrest/hamcrest-core/1.1/hamcrest-core-1.1.jar:/Users/obyeonghwa/.m2/repository/com/atlassian/plugin/atlassian-spring-scanner-annotation/2.1.7/atlassian-spring-scanner-annotation-2.1.7.jar:/Users/obyeonghwa/.m2/repository/javax/inject/javax.inject/1/javax.inject-1.jar:/Users/obyeonghwa/.m2/repository/com/atlassian/plugins/atlassian-plugins-osgi-testrunner/2.0.2/atlassian-plugins-osgi-testrunner-2.0.2.jar:/Users/obyeonghwa/.m2/repository/org/apache/wink/wink-client/1.1.3-incubating/wink-client-1.1.3-incubating.jar:/Users/obyeonghwa/.m2/repository/org/apache/wink/wink-common/1.1.3-incubating/wink-common-1.1.3-incubating.jar:/Users/obyeonghwa/.m2/repository/org/apache/geronimo/specs/geronimo-annotation_1.1_spec/1.0/geronimo-annotation_1.1_spec-1.0.jar:/Users/obyeonghwa/.m2/repository/javax/xml/bind/jaxb-api/2.2/jaxb-api-2.2.jar:/Users/obyeonghwa/.m2/repository/javax/xml/stream/stax-api/1.0-2/stax-api-1.0-2.jar:/Users/obyeonghwa/.m2/repository/com/sun/xml/bind/jaxb-impl/2.2.1.1/jaxb-impl-2.2.1.1.jar:/Users/obyeonghwa/.m2/repository/javax/activation/activation/1.1/activation-1.1.jar:/Users/obyeonghwa/.m2/repository/com/atlassian/upm/upm-api/2.15/upm-api-2.15.jar:/Users/obyeonghwa/.m2/repository/javax/ws/rs/jsr311-api/1.1.1/jsr311-api-1.1.1.jar:/Users/obyeonghwa/.m2/repository/com/google/code/gson/gson/2.2.2-atlassian-1/gson-2.2.2-atlassian-1.jar:/Users/obyeonghwa/.m2/repository/org/apache/httpcomponents/httpclient/4.1.1/httpclient-4.1.1.jar:/Users/obyeonghwa/.m2/repository/org/apache/httpcomponents/httpcore/4.1/httpcore-4.1.jar:/Users/obyeonghwa/.m2/repository/commons-logging/commons-logging/1.1.1/commons-logging-1.1.1.jar:/Users/obyeonghwa/.m2/repository/commons-codec/commons-codec/1.4/commons-codec-1.4.jar:/Users/obyeonghwa/.m2/repository/org/slf4j/slf4j-api/1.6.6/slf4j-api-1.6.6.jar:/Users/obyeonghwa/.m2/repository/org/mockito/mockito-all/1.8.5/mockito-all-1.8.5.jar:"/>
    <property name="sun.cpu.endian" value="little"/>
    <property name="user.home" value="/Users/obyeonghwa"/>
    <property name="user.language" value="ko"/>
    <property name="java.specification.vendor" value="Oracle Corporation"/>
    <property name="java.version.date" value="2021-04-20"/>
    <property name="java.home" value="/Library/Java/JavaVirtualMachines/adoptopenjdk-11.jdk/Contents/Home"/>
    <property name="file.separator" value="/"/>
    <property name="basedir" value="/Users/obyeonghwa/dev/JPL/gldialog"/>
    <property name="java.vm.compressedOopsMode" value="Zero based"/>
    <property name="line.separator" value="&#10;"/>
    <property name="java.specification.name" value="Java Platform API Specification"/>
    <property name="java.vm.specification.vendor" value="Oracle Corporation"/>
    <property name="java.awt.graphicsenv" value="sun.awt.CGraphicsEnvironment"/>
    <property name="surefire.real.class.path" value="/Users/obyeonghwa/dev/JPL/gldialog/target/surefire/surefirebooter18057684745844339469.jar"/>
    <property name="sun.management.compiler" value="HotSpot 64-Bit Tiered Compilers"/>
    <property name="ftp.nonProxyHosts" value="local|*.local|169.254/16|*.169.254/16"/>
    <property name="java.runtime.version" value="11.0.11+9"/>
    <property name="user.name" value="obyeonghwa"/>
    <property name="path.separator" value=":"/>
    <property name="os.version" value="11.1"/>
    <property name="java.runtime.name" value="OpenJDK Runtime Environment"/>
    <property name="file.encoding" value="UTF-8"/>
    <property name="java.vm.name" value="OpenJDK 64-Bit Server VM"/>
    <property name="java.vendor.version" value="AdoptOpenJDK-11.0.11+9"/>
    <property name="localRepository" value="/Users/obyeonghwa/.m2/repository"/>
    <property name="java.vendor.url.bug" value="https://github.com/AdoptOpenJDK/openjdk-support/issues"/>
    <property name="java.io.tmpdir" value="/var/folders/5f/vz9r85kd4bq6j5192l7pr8v80000gn/T/"/>
    <property name="java.version" value="11.0.11"/>
    <property name="user.dir" value="/Users/obyeonghwa/dev/JPL/gldialog"/>
    <property name="os.arch" value="x86_64"/>
    <property name="java.vm.specification.name" value="Java Virtual Machine Specification"/>
    <property name="java.awt.printerjob" value="sun.lwawt.macosx.CPrinterJob"/>
    <property name="sun.os.patch.level" value="unknown"/>
    <property name="java.library.path" value="/Users/obyeonghwa/Library/Java/Extensions:/Library/Java/Extensions:/Network/Library/Java/Extensions:/System/Library/Java/Extensions:/usr/lib/java:."/>
    <property name="java.vm.info" value="mixed mode"/>
    <property name="java.vendor" value="AdoptOpenJDK"/>
    <property name="java.vm.version" value="11.0.11+9"/>
    <property name="sun.io.unicode.encoding" value="UnicodeBig"/>
    <property name="java.class.version" value="55.0"/>
    <property name="socksNonProxyHosts" value="local|*.local|169.254/16|*.169.254/16"/>
  </properties>
  <testcase name="testSomething" classname="ut.bh.plex.webwork.GLDialogTest" time="0.004"/>
</testsuite>